<?xml version="1.0" encoding="UTF-8"?>
<testng-results skipped="0" failed="0" total="1" passed="1">
  <reporter-output>
  </reporter-output>
  <suite name="Default suite" duration-ms="18958" started-at="2018-04-24T08:48:30Z" finished-at="2018-04-24T08:48:49Z">
    <groups>
    </groups>
    <test name="Default test" duration-ms="18958" started-at="2018-04-24T08:48:30Z" finished-at="2018-04-24T08:48:49Z">
      <class name="add_client.TS_ad_type">
        <test-method status="PASS" signature="Testcase_city()[pri:0, instance:add_client.TS_ad_type@68c4039c]" name="Testcase_city" duration-ms="18937" started-at="2018-04-24T14:18:30Z" finished-at="2018-04-24T14:18:49Z">
          <reporter-output>
          </reporter-output>
        </test-method> <!-- Testcase_city -->
      </class> <!-- add_client.TS_ad_type -->
    </test> <!-- Default test -->
  </suite> <!-- Default suite -->
</testng-results>
