<?xml version="1.0" encoding="UTF-8"?>
<testng-results skipped="0" failed="0" total="1" passed="1">
  <reporter-output>
  </reporter-output>
  <suite name="Default suite" duration-ms="33186" started-at="2018-04-11T06:18:04Z" finished-at="2018-04-11T06:18:37Z">
    <groups>
    </groups>
    <test name="Default test" duration-ms="33186" started-at="2018-04-11T06:18:04Z" finished-at="2018-04-11T06:18:37Z">
      <class name="nbuyadspkg.nbuyads_tc1">
        <test-method status="PASS" signature="Testcase1()[pri:0, instance:nbuyadspkg.nbuyads_tc1@68c4039c]" name="Testcase1" duration-ms="33144" started-at="2018-04-11T11:48:04Z" finished-at="2018-04-11T11:48:37Z">
          <reporter-output>
          </reporter-output>
        </test-method> <!-- Testcase1 -->
      </class> <!-- nbuyadspkg.nbuyads_tc1 -->
    </test> <!-- Default test -->
  </suite> <!-- Default suite -->
</testng-results>
